<?xml version="1.0" encoding="UTF-8"?>
<!-- Generated by org.testng.reporters.JUnitReportReporter -->
<testsuite hostname="lappy" failures="0" tests="1" name="com.automationexcerise.testautomation.TestLoginPage" time="10.118" errors="0" timestamp="2024-09-25T13:36:03 IST" skipped="0">
  <testcase classname="com.automationexcerise.testautomation.TestLoginPage" name="testPage" time="10.118"/>
</testsuite> <!-- com.automationexcerise.testautomation.TestLoginPage -->
