<?xml version="1.0" encoding="UTF-8"?>
<!-- Generated by org.testng.reporters.JUnitReportReporter -->
<testsuite hostname="lappy" failures="0" tests="1" name="com.automationexcerise.testautomation.TestAddtoCart" time="10.327" errors="0" timestamp="2024-09-25T13:36:03 IST" skipped="0">
  <testcase classname="com.automationexcerise.testautomation.TestAddtoCart" name="testPage" time="10.327"/>
</testsuite> <!-- com.automationexcerise.testautomation.TestAddtoCart -->
